ISim log file
Running: C:\Users\s144192\Dropbox\Courses\Year 2\Quartile 3\Computation 2\Computer Architecture\verilog_fsm\fsm_lock_tb_isim_beh.exe -intstyle ise -gui -tclbatch isim.cmd -wdb C:/Users/s144192/Dropbox/Courses/Year 2/Quartile 3/Computation 2/Computer Architecture/verilog_fsm/fsm_lock_tb_isim_beh.wdb 
ISim P.28xd (signature 0xa0883be4)
----------------------------------------------------------------------
INFO:Security:50 - The XILINXD_LICENSE_FILE environment variable is set to '2100@tuelicense.campus.tue.nl'.
INFO:Security:53 - The LM_LICENSE_FILE environment variable is not set.
WARNING:Security:43 - No license file was found in the standard Xilinx license directory.
WARNING:Security:44 - Since no license file was found,
       please run the Xilinx License Configuration Manager
       (xlcm or "Manage Xilinx Licenses")
       to assist in obtaining a license.
WARNING:Security:42 - Your software subscription period has lapsed. Your current version of Xilinx tools will continue to function, but you no longer qualify for Xilinx software updates or new releases.


----------------------------------------------------------------------
This is a Full version of ISim.
Time resolution is 1 ps
# onerror resume
# wave add /
# run 1000 ns
Simulator is doing circuit initialization process.
Finished circuit initialization process.
# run 1.00us
# run 1.00us
# run 1.00us
# run 1.00us
# run 1.00us
# run 100.00us
Correctly opens using     01101
# run 100.00us
# run 100.00us
Completed input.
Stopped at time : 208300 ns : File "C:/Users/s144192/Dropbox/Courses/Year 2/Quartile 3/Computation 2/Computer Architecture/verilog_fsm/fsm_lock_tb.v" Line 87
