Build started 17-09-2017 14:40:15.
     1>Project "C:\Users\s144192\Dropbox\Courses\TUe\Year 2\Quartile 3\Computation 2\C++ Labs\SpaceInvaders\SpaceInvaders\OpenGLSkeleton\OpenGLSkeleton.vcxproj" on node 2 (Build target(s)).
     1>C:\Program Files (x86)\MSBuild\Microsoft.Cpp\v4.0\V120\Microsoft.CppBuild.targets(381,5): warning MSB8028: The intermediate directory (Debug\) contains files shared from another project (OpenGLSkeleton.vcxproj).  This can lead to incorrect clean and rebuild behavior.
     1>ClCompile:
         C:\Program Files (x86)\Microsoft Visual Studio 12.0\VC\bin\CL.exe /c /ZI /nologo /W3 /WX- /Od /Oy- /D WIN32 /D _DEBUG /D _CONSOLE /D _LIB /D _UNICODE /D UNICODE /Gm /EHsc /RTC1 /MDd /GS /fp:precise /Zc:wchar_t /Zc:forScope /Fo"Debug\\" /Fd"Debug\vc120.pdb" /Gd /TP /analyze- /errorReport:prompt /FS alien.cpp AlienSwarm.cpp bridges.cpp bullet.cpp drawlist.cpp drawtools.cpp Interface.cpp main.cpp tank.cpp
         tank.cpp
         main.cpp
         Interface.cpp
         drawtools.cpp
         drawlist.cpp
         bullet.cpp
         bridges.cpp
         AlienSwarm.cpp
     1>c:\users\s144192\dropbox\courses\tue\year 2\quartile 3\computation 2\c++ labs\spaceinvaders\spaceinvaders\openglskeleton\alienswarm.cpp(17): warning C4305: '=' : truncation from 'double' to 'float'
     1>c:\users\s144192\dropbox\courses\tue\year 2\quartile 3\computation 2\c++ labs\spaceinvaders\spaceinvaders\openglskeleton\alienswarm.cpp(41): warning C4244: 'initializing' : conversion from 'double' to 'int', possible loss of data
     1>c:\users\s144192\dropbox\courses\tue\year 2\quartile 3\computation 2\c++ labs\spaceinvaders\spaceinvaders\openglskeleton\alienswarm.cpp(48): warning C4244: 'argument' : conversion from 'float' to 'int', possible loss of data
         alien.cpp
         Generating Code...
     1>c:\users\s144192\dropbox\courses\tue\year 2\quartile 3\computation 2\c++ labs\spaceinvaders\spaceinvaders\openglskeleton\bridges.cpp(81): warning C4715: 'brick::checkCollision' : not all control paths return a value
       Link:
         C:\Program Files (x86)\Microsoft Visual Studio 12.0\VC\bin\link.exe /ERRORREPORT:PROMPT /OUT:"C:\Users\s144192\Dropbox\Courses\TUe\Year 2\Quartile 3\Computation 2\C++ Labs\SpaceInvaders\SpaceInvaders\Debug\Spaceinvaders.exe" /INCREMENTAL /NOLOGO "sfml-graphics-d.lib" "sfml-window-d.lib" "sfml-audio-d.lib" "sfml-system-d.lib" "sfml-network-d.lib" kernel32.lib user32.lib gdi32.lib winspool.lib comdlg32.lib advapi32.lib shell32.lib ole32.lib oleaut32.lib uuid.lib odbc32.lib odbccp32.lib /MANIFEST /MANIFESTUAC:"level='asInvoker' uiAccess='false'" /manifest:embed /DEBUG /PDB:"C:\Users\s144192\Dropbox\Courses\TUe\Year 2\Quartile 3\Computation 2\C++ Labs\SpaceInvaders\SpaceInvaders\Debug\Spaceinvaders.pdb" /SUBSYSTEM:CONSOLE /TLBID:1 /DYNAMICBASE /NXCOMPAT /IMPLIB:"C:\Users\s144192\Dropbox\Courses\TUe\Year 2\Quartile 3\Computation 2\C++ Labs\SpaceInvaders\SpaceInvaders\Debug\Spaceinvaders.lib" /MACHINE:X86 Debug\alien.obj
         Debug\AlienSwarm.obj
         Debug\bridges.obj
         Debug\bullet.obj
         Debug\drawlist.obj
         Debug\drawtools.obj
         Debug\Interface.obj
         Debug\main.obj
         Debug\tank.obj
         OpenGLSkeleton.vcxproj -> C:\Users\s144192\Dropbox\Courses\TUe\Year 2\Quartile 3\Computation 2\C++ Labs\SpaceInvaders\SpaceInvaders\Debug\Spaceinvaders.exe
     1>Done Building Project "C:\Users\s144192\Dropbox\Courses\TUe\Year 2\Quartile 3\Computation 2\C++ Labs\SpaceInvaders\SpaceInvaders\OpenGLSkeleton\OpenGLSkeleton.vcxproj" (Build target(s)).

Build succeeded.

Time Elapsed 00:00:13.57
