Build started 29-03-2016 08:52:54.
     1>Project "C:\Users\s144192\Dropbox\Courses\Year 2\Quartile 3\Computation 2\C++ Labs\SpaceInvaders\SpaceInvaders\OpenGLSkeleton\OpenGLSkeleton.vcxproj" on node 2 (Build target(s)).
     1>C:\Program Files (x86)\MSBuild\Microsoft.Cpp\v4.0\V120\Microsoft.CppBuild.targets(381,5): warning MSB8028: The intermediate directory (Debug\) contains files shared from another project (OpenGLSkeleton.vcxproj).  This can lead to incorrect clean and rebuild behavior.
     1>ClCompile:
         C:\Program Files (x86)\Microsoft Visual Studio 12.0\VC\bin\CL.exe /c /ZI /nologo /W3 /WX- /Od /Oy- /D WIN32 /D _DEBUG /D _CONSOLE /D _LIB /D _UNICODE /D UNICODE /Gm /EHsc /RTC1 /MDd /GS /fp:precise /Zc:wchar_t /Zc:forScope /Fo"Debug\\" /Fd"Debug\vc120.pdb" /Gd /TP /analyze- /errorReport:prompt alien.cpp bullet.cpp drawlist.cpp drawtools.cpp main.cpp tank.cpp
         tank.cpp
         main.cpp
         drawtools.cpp
         drawlist.cpp
         bullet.cpp
         alien.cpp
         Generating Code...
       Link:
         C:\Program Files (x86)\Microsoft Visual Studio 12.0\VC\bin\link.exe /ERRORREPORT:PROMPT /OUT:"C:\Users\s144192\Dropbox\Courses\Year 2\Quartile 3\Computation 2\C++ Labs\SpaceInvaders\SpaceInvaders\Debug\Spaceinvaders.exe" /INCREMENTAL /NOLOGO glut32.lib opengl32.lib kernel32.lib user32.lib gdi32.lib winspool.lib comdlg32.lib advapi32.lib shell32.lib ole32.lib oleaut32.lib uuid.lib odbc32.lib odbccp32.lib /MANIFEST /MANIFESTUAC:"level='asInvoker' uiAccess='false'" /manifest:embed /DEBUG /PDB:"C:\Users\s144192\Dropbox\Courses\Year 2\Quartile 3\Computation 2\C++ Labs\SpaceInvaders\SpaceInvaders\Debug\Spaceinvaders.pdb" /SUBSYSTEM:CONSOLE /TLBID:1 /DYNAMICBASE /NXCOMPAT /IMPLIB:"C:\Users\s144192\Dropbox\Courses\Year 2\Quartile 3\Computation 2\C++ Labs\SpaceInvaders\SpaceInvaders\Debug\Spaceinvaders.lib" /MACHINE:X86 Debug\alien.obj
         Debug\bullet.obj
         Debug\drawlist.obj
         Debug\drawtools.obj
         Debug\main.obj
         Debug\tank.obj
         OpenGLSkeleton.vcxproj -> C:\Users\s144192\Dropbox\Courses\Year 2\Quartile 3\Computation 2\C++ Labs\SpaceInvaders\SpaceInvaders\Debug\Spaceinvaders.exe
     1>Done Building Project "C:\Users\s144192\Dropbox\Courses\Year 2\Quartile 3\Computation 2\C++ Labs\SpaceInvaders\SpaceInvaders\OpenGLSkeleton\OpenGLSkeleton.vcxproj" (Build target(s)).

Build succeeded.

Time Elapsed 00:00:06.23
