ISim log file
Running: C:\Users\s144192\Dropbox\Courses\Year 2\Quartile 3\Computation 2\Computer Architecture\FullAdder\fulladd_fulladd_sch_tb_isim_beh.exe -intstyle ise -gui -tclbatch isim.cmd -wdb C:/Users/s144192/Dropbox/Courses/Year 2/Quartile 3/Computation 2/Computer Architecture/FullAdder/fulladd_fulladd_sch_tb_isim_beh.wdb 
INFO: There is another simulation running in the same directory. Using database file name isim1.wdb.
ISim P.28xd (signature 0xa0883be4)
----------------------------------------------------------------------
INFO:Security:50 - The XILINXD_LICENSE_FILE environment variable is set to '2100@tuelicense.campus.tue.nl'.
INFO:Security:53 - The LM_LICENSE_FILE environment variable is not set.
INFO:Security:68a - user is s144192, on host S144192.
WARNING:Security:43 - No license file was found in the standard Xilinx license directory.
WARNING:Security:44 - Since no license file was found,
       please run the Xilinx License Configuration Manager
       (xlcm or "Manage Xilinx Licenses")
       to assist in obtaining a license.
ERROR:Security:14 - No feature was available for 'ISIM'.

License server machine is down or not responding.
 See the system adminstrator about starting the license server system, or
 make sure you're referring to the right host (see LM_LICENSE_FILE).
Feature:       ISIM
Hostname:      131.155.4.31
License path:  C:/.Xilinx;C:\Xilinx\14.2\ISE_DS\ISE\/coregen/core_licenses\Xilinx.lic;C:\Xilinx\14.2\ISE_DS\ISE\/coregen/core_licenses\XilinxFree.lic;C:\Xilinx\14.2\ISE_DS\EDK/data/core_licenses\Xilinx.lic;2100@tuelicense.campus.tue.nl;
FLEXnet Licensing error:-96,491
For further information, refer to the FLEXnet Licensing documentation,
available at "www.acresso.com".
----------------------------------------------------------------------
WARNING: A full ISim License cannot be checked out due to the issues listed above. Please use Xilinx License Configuration Manager to fix these issues in order to check out a full ISim license.
WARNING: ISim will run in Lite mode. Please refer to the ISim documentation for more information on the differences between the Lite and the Full version.
This is a Lite version of ISim.
Time resolution is 1 ps
# onerror resume
# wave add /
# run 1000 ns
Simulator is doing circuit initialization process.
Finished circuit initialization process.
----------------------------------------------------------------------
INFO:Security:50 - The XILINXD_LICENSE_FILE environment variable is set to '2100@tuelicense.campus.tue.nl'.
INFO:Security:53 - The LM_LICENSE_FILE environment variable is not set.
INFO:Security:68a - user is s144192, on host S144192.
WARNING:Security:43 - No license file was found in the standard Xilinx license directory.
WARNING:Security:44 - Since no license file was found,
       please run the Xilinx License Configuration Manager
       (xlcm or "Manage Xilinx Licenses")
       to assist in obtaining a license.
ERROR:Security:14 - No feature was available for 'ISIM'.

License server machine is down or not responding.
 See the system adminstrator about starting the license server system, or
 make sure you're referring to the right host (see LM_LICENSE_FILE).
Feature:       ISIM
Hostname:      131.155.4.31
License path:  C:/.Xilinx;C:\Xilinx\14.2\ISE_DS\ISE\/coregen/core_licenses\Xilinx.lic;C:\Xilinx\14.2\ISE_DS\ISE\/coregen/core_licenses\XilinxFree.lic;C:\Xilinx\14.2\ISE_DS\EDK/data/core_licenses\Xilinx.lic;2100@tuelicense.campus.tue.nl;
FLEXnet Licensing error:-96,491
For further information, refer to the FLEXnet Licensing documentation,
available at "www.acresso.com".
----------------------------------------------------------------------
WARNING: A full ISim License cannot be checked out due to the issues listed above. Please use Xilinx License Configuration Manager to fix these issues in order to check out a full ISim license.
WARNING: ISim will run in Lite mode. Please refer to the ISim documentation for more information on the differences between the Lite and the Full version.
This is a Lite version of ISim.
Time resolution is 1 ps
# onerror resume
# wave add /
# run 1000 ns
Simulator is doing circuit initialization process.
Finished circuit initialization process.
